
Translating /home/andrea/ecai08paper/tests/pegSolitaire/pegSolitaireAction.eprime with /home/andrea/ecai08paper/tests/pegSolitaire/ps31-17ActionNoCSE.param
Parse Time: 0.115sec
Normalisation Time: 0.046sec
Flattening Time: 3.821sec
Variable Tailoring Time: 0.0050sec
Constraint Tailoring Time: 0.177sec
Statistics toString Time: 0.0sec
Variables toString Time: 0.268sec
Search toString Time: 0.09sec
Constraints toString Time: 0.977sec
Amount of Auxiliary Variables:87172
Amount of Common Subexpressions:0
Amount of inferred common subexpressions:0
Amount of constraints:89625
Minion Model toString Time: 1.689sec
Tailoring Time: 1.881sec
Translated '/home/andrea/ecai08paper/tests/pegSolitaire/pegSolitaireAction.eprime' and '/home/andrea/ecai08paper/tests/pegSolitaire/ps31-17ActionNoCSE.param' to Minion and written output
 into 'ps31-17ActionNoCSE.param.minion'.

Translation Time: 5.88 sec

Translating /home/andrea/ecai08paper/tests/pegSolitaire/pegSolitaireAction.eprime with /home/andrea/ecai08paper/tests/pegSolitaire/ps31-17Action.param
Parse Time: 0.112sec
Normalisation Time: 0.045sec
Flattening Time: 5.486sec
Variable Tailoring Time: 0.0040sec
Constraint Tailoring Time: 0.142sec
Statistics toString Time: 0.0sec
Variables toString Time: 0.023sec
Search toString Time: 0.013sec
Constraints toString Time: 0.104sec
Amount of Auxiliary Variables:6603
Amount of Common Subexpressions:78213
Amount of inferred common subexpressions:4712
Amount of constraints:9056
Minion Model toString Time: 0.161sec
Tailoring Time: 0.317sec
Translated '/home/andrea/ecai08paper/tests/pegSolitaire/pegSolitaireAction.eprime' and '/home/andrea/ecai08paper/tests/pegSolitaire/ps31-17Action.param' to Minion and written output
 into 'ps31-17Action.param.minion'.

Translation Time: 5.986 sec

Translating /home/andrea/ecai08paper/tests/pegSolitaire/pegSolitaireAction.eprime with /home/andrea/ecai08paper/tests/pegSolitaire/ps31-5ActionNoCSE.param
Parse Time: 0.116sec
Normalisation Time: 0.045sec
Flattening Time: 3.81sec
Variable Tailoring Time: 0.0050sec
Constraint Tailoring Time: 0.178sec
Statistics toString Time: 0.0sec
Variables toString Time: 0.273sec
Search toString Time: 0.075sec
Constraints toString Time: 0.972sec
Amount of Auxiliary Variables:87172
Amount of Common Subexpressions:0
Amount of inferred common subexpressions:0
Amount of constraints:89625
Minion Model toString Time: 1.783sec
Tailoring Time: 1.976sec
Translated '/home/andrea/ecai08paper/tests/pegSolitaire/pegSolitaireAction.eprime' and '/home/andrea/ecai08paper/tests/pegSolitaire/ps31-5ActionNoCSE.param' to Minion and written output
 into 'ps31-5ActionNoCSE.param.minion'.

Translation Time: 5.965 sec

Translating /home/andrea/ecai08paper/tests/pegSolitaire/pegSolitaireAction.eprime with /home/andrea/ecai08paper/tests/pegSolitaire/ps31-5Action.param
Parse Time: 0.116sec
Normalisation Time: 0.045sec
Flattening Time: 5.518sec
Variable Tailoring Time: 0.0050sec
Constraint Tailoring Time: 0.152sec
Statistics toString Time: 0.0sec
Variables toString Time: 0.024sec
Search toString Time: 0.012sec
Constraints toString Time: 0.105sec
Amount of Auxiliary Variables:6603
Amount of Common Subexpressions:78213
Amount of inferred common subexpressions:4712
Amount of constraints:9056
Minion Model toString Time: 0.163sec
Tailoring Time: 0.329sec
Translated '/home/andrea/ecai08paper/tests/pegSolitaire/pegSolitaireAction.eprime' and '/home/andrea/ecai08paper/tests/pegSolitaire/ps31-5Action.param' to Minion and written output
 into 'ps31-5Action.param.minion'.

Translation Time: 6.038 sec

Translating /home/andrea/ecai08paper/tests/pegSolitaire/pegSolitaireAction.eprime with /home/andrea/ecai08paper/tests/pegSolitaire/ps31-10ActionNoCSE.param
Parse Time: 0.115sec
Normalisation Time: 0.052sec
Flattening Time: 3.814sec
Variable Tailoring Time: 0.0040sec
Constraint Tailoring Time: 0.178sec
Statistics toString Time: 0.0sec
Variables toString Time: 0.279sec
Search toString Time: 0.074sec
Constraints toString Time: 0.966sec
Amount of Auxiliary Variables:87172
Amount of Common Subexpressions:0
Amount of inferred common subexpressions:0
Amount of constraints:89625
Minion Model toString Time: 1.682sec
Tailoring Time: 1.875sec
Translated '/home/andrea/ecai08paper/tests/pegSolitaire/pegSolitaireAction.eprime' and '/home/andrea/ecai08paper/tests/pegSolitaire/ps31-10ActionNoCSE.param' to Minion and written output
 into 'ps31-10ActionNoCSE.param.minion'.

Translation Time: 5.873 sec

Translating /home/andrea/ecai08paper/tests/pegSolitaire/pegSolitaireAction.eprime with /home/andrea/ecai08paper/tests/pegSolitaire/ps31-10Action.param
Parse Time: 0.112sec
Normalisation Time: 0.044sec
Flattening Time: 5.679sec
Variable Tailoring Time: 0.0050sec
Constraint Tailoring Time: 0.145sec
Statistics toString Time: 0.0sec
Variables toString Time: 0.023sec
Search toString Time: 0.012sec
Constraints toString Time: 0.104sec
Amount of Auxiliary Variables:6603
Amount of Common Subexpressions:78213
Amount of inferred common subexpressions:4712
Amount of constraints:9056
Minion Model toString Time: 0.161sec
Tailoring Time: 0.32sec
Translated '/home/andrea/ecai08paper/tests/pegSolitaire/pegSolitaireAction.eprime' and '/home/andrea/ecai08paper/tests/pegSolitaire/ps31-10Action.param' to Minion and written output
 into 'ps31-10Action.param.minion'.

Translation Time: 6.182 sec

Translating /home/andrea/ecai08paper/tests/pegSolitaire/pegSolitaireState.eprime with /home/andrea/ecai08paper/tests/pegSolitaire/ps31-17StateNoCSE.param
Parse Time: 0.118sec
Normalisation Time: 0.047sec
Flattening Time: 39.468sec
Variable Tailoring Time: 0.0050sec
Constraint Tailoring Time: 1.002sec
Statistics toString Time: 0.0010sec
Variables toString Time: 1.033sec
Search toString Time: 0.693sec
Constraints toString Time: 2.876sec
Amount of Auxiliary Variables:313720
Amount of Common Subexpressions:0
Amount of inferred common subexpressions:0
Amount of constraints:316886
Minion Model toString Time: 6.393sec
Tailoring Time: 7.409sec
Translated '/home/andrea/ecai08paper/tests/pegSolitaire/pegSolitaireState.eprime' and '/home/andrea/ecai08paper/tests/pegSolitaire/ps31-17StateNoCSE.param' to Minion and written output
 into 'ps31-17StateNoCSE.param.minion'.

Translation Time: 47.059 sec

Translating /home/andrea/ecai08paper/tests/pegSolitaire/pegSolitaireState.eprime with /home/andrea/ecai08paper/tests/pegSolitaire/ps31-17State.param
Parse Time: 0.101sec
Normalisation Time: 0.047sec
Flattening Time: 43.54sec
Variable Tailoring Time: 0.0050sec
Constraint Tailoring Time: 0.272sec
Statistics toString Time: 0.0010sec
Variables toString Time: 0.043sec
Search toString Time: 0.01sec
Constraints toString Time: 0.206sec
Amount of Auxiliary Variables:12989
Amount of Common Subexpressions:300731
Amount of inferred common subexpressions:0
Amount of constraints:16155
Minion Model toString Time: 0.314sec
Tailoring Time: 0.602sec
Translated '/home/andrea/ecai08paper/tests/pegSolitaire/pegSolitaireState.eprime' and '/home/andrea/ecai08paper/tests/pegSolitaire/ps31-17State.param' to Minion and written output
 into 'ps31-17State.param.minion'.

Translation Time: 44.368 sec

Translating /home/andrea/ecai08paper/tests/pegSolitaire/pegSolitaireState.eprime with /home/andrea/ecai08paper/tests/pegSolitaire/ps31-5StateNoCSE.param
Parse Time: 0.111sec
Normalisation Time: 0.054sec
Flattening Time: 39.305sec
Variable Tailoring Time: 0.0050sec
Constraint Tailoring Time: 1.0sec
Statistics toString Time: 0.0sec
Variables toString Time: 1.018sec
Search toString Time: 0.688sec
Constraints toString Time: 2.777sec
Amount of Auxiliary Variables:313720
Amount of Common Subexpressions:0
Amount of inferred common subexpressions:0
Amount of constraints:316886
Minion Model toString Time: 6.131sec
Tailoring Time: 7.145sec
Translated '/home/andrea/ecai08paper/tests/pegSolitaire/pegSolitaireState.eprime' and '/home/andrea/ecai08paper/tests/pegSolitaire/ps31-5StateNoCSE.param' to Minion and written output
 into 'ps31-5StateNoCSE.param.minion'.

Translation Time: 46.644 sec

Translating /home/andrea/ecai08paper/tests/pegSolitaire/pegSolitaireState.eprime with /home/andrea/ecai08paper/tests/pegSolitaire/ps31-5State.param
Parse Time: 0.121sec
Normalisation Time: 0.047sec
Flattening Time: 43.889sec
Variable Tailoring Time: 0.0050sec
Constraint Tailoring Time: 0.27sec
Statistics toString Time: 0.0sec
Variables toString Time: 0.049sec
Search toString Time: 0.011sec
Constraints toString Time: 0.212sec
Amount of Auxiliary Variables:12989
Amount of Common Subexpressions:300731
Amount of inferred common subexpressions:0
Amount of constraints:16155
Minion Model toString Time: 0.318sec
Tailoring Time: 0.604sec
Translated '/home/andrea/ecai08paper/tests/pegSolitaire/pegSolitaireState.eprime' and '/home/andrea/ecai08paper/tests/pegSolitaire/ps31-5State.param' to Minion and written output
 into 'ps31-5State.param.minion'.

Translation Time: 44.703 sec

Translating /home/andrea/ecai08paper/tests/pegSolitaire/pegSolitaireState.eprime with /home/andrea/ecai08paper/tests/pegSolitaire/ps31-10StateNoCSE.param
Parse Time: 0.102sec
Normalisation Time: 0.048sec
Flattening Time: 39.187sec
Variable Tailoring Time: 0.0050sec
Constraint Tailoring Time: 1.012sec
Statistics toString Time: 0.0010sec
Variables toString Time: 1.011sec
Search toString Time: 0.69sec
Constraints toString Time: 2.79sec
Amount of Auxiliary Variables:313720
Amount of Common Subexpressions:0
Amount of inferred common subexpressions:0
Amount of constraints:316886
Minion Model toString Time: 6.146sec
Tailoring Time: 7.174sec
Translated '/home/andrea/ecai08paper/tests/pegSolitaire/pegSolitaireState.eprime' and '/home/andrea/ecai08paper/tests/pegSolitaire/ps31-10StateNoCSE.param' to Minion and written output
 into 'ps31-10StateNoCSE.param.minion'.

Translation Time: 46.551 sec

Translating /home/andrea/ecai08paper/tests/pegSolitaire/pegSolitaireState.eprime with /home/andrea/ecai08paper/tests/pegSolitaire/ps31-10State.param
Parse Time: 0.115sec
Normalisation Time: 0.047sec
Flattening Time: 43.439sec
Variable Tailoring Time: 0.0040sec
Constraint Tailoring Time: 0.274sec
Statistics toString Time: 0.0sec
Variables toString Time: 0.044sec
Search toString Time: 0.01sec
Constraints toString Time: 0.205sec
Amount of Auxiliary Variables:12989
Amount of Common Subexpressions:300731
Amount of inferred common subexpressions:0
Amount of constraints:16155
Minion Model toString Time: 0.307sec
Tailoring Time: 0.596sec
Translated '/home/andrea/ecai08paper/tests/pegSolitaire/pegSolitaireState.eprime' and '/home/andrea/ecai08paper/tests/pegSolitaire/ps31-10State.param' to Minion and written output
 into 'ps31-10State.param.minion'.

Translation Time: 44.24 sec
